<?xml version="1.0" encoding="UTF-8"?>
<coverage generated="1776409657045" clover="3.2.0">
  <project timestamp="1776409657045" name="All files">
    <metrics statements="99" coveredstatements="97" conditionals="69" coveredconditionals="68" methods="27" coveredmethods="24" elements="195" coveredelements="189" complexity="0" loc="99" ncloc="99" packages="1" files="5" classes="5"/>
    <file name="beat.ts" path="/Users/jamese/doudizhu-solana/packages/game-engine/src/beat.ts">
      <metrics statements="13" coveredstatements="13" conditionals="12" coveredconditionals="11" methods="3" coveredmethods="3"/>
      <line num="2" count="1" type="stmt"/>
      <line num="18" count="1" type="stmt"/>
      <line num="19" count="12" type="cond" truecount="1" falsecount="0"/>
      <line num="21" count="25" type="stmt"/>
      <line num="22" count="21" type="stmt"/>
      <line num="24" count="11" type="cond" truecount="1" falsecount="0"/>
      <line num="25" count="10" type="cond" truecount="1" falsecount="0"/>
      <line num="27" count="8" type="cond" truecount="3" falsecount="0"/>
      <line num="28" count="7" type="cond" truecount="3" falsecount="0"/>
      <line num="29" count="5" type="cond" truecount="0" falsecount="1"/>
      <line num="31" count="5" type="cond" truecount="1" falsecount="0"/>
      <line num="32" count="4" type="cond" truecount="1" falsecount="0"/>
      <line num="34" count="3" type="stmt"/>
    </file>
    <file name="index.ts" path="/Users/jamese/doudizhu-solana/packages/game-engine/src/index.ts">
      <metrics statements="3" coveredstatements="3" conditionals="0" coveredconditionals="0" methods="4" coveredmethods="4"/>
      <line num="1" count="34" type="stmt"/>
      <line num="2" count="13" type="stmt"/>
      <line num="3" count="7" type="stmt"/>
    </file>
    <file name="multiplier.ts" path="/Users/jamese/doudizhu-solana/packages/game-engine/src/multiplier.ts">
      <metrics statements="8" coveredstatements="8" conditionals="0" coveredconditionals="0" methods="2" coveredmethods="2"/>
      <line num="1" count="1" type="stmt"/>
      <line num="9" count="1" type="stmt"/>
      <line num="10" count="6" type="stmt"/>
      <line num="11" count="6" type="stmt"/>
      <line num="12" count="9" type="stmt"/>
      <line num="14" count="6" type="stmt"/>
      <line num="20" count="1" type="stmt"/>
      <line num="21" count="2" type="stmt"/>
    </file>
    <file name="parse.ts" path="/Users/jamese/doudizhu-solana/packages/game-engine/src/parse.ts">
      <metrics statements="59" coveredstatements="58" conditionals="54" coveredconditionals="54" methods="9" coveredmethods="9"/>
      <line num="2" count="1" type="stmt"/>
      <line num="3" count="1" type="stmt"/>
      <line num="20" count="1" type="stmt"/>
      <line num="21" count="33" type="stmt"/>
      <line num="22" count="33" type="cond" truecount="1" falsecount="0"/>
      <line num="24" count="32" type="stmt"/>
      <line num="25" count="32" type="stmt"/>
      <line num="26" count="32" type="stmt"/>
      <line num="29" count="32" type="cond" truecount="1" falsecount="0"/>
      <line num="30" count="4" type="stmt"/>
      <line num="34" count="28" type="cond" truecount="1" falsecount="0"/>
      <line num="36" count="7" type="cond" truecount="1" falsecount="0"/>
      <line num="40" count="2" type="stmt"/>
      <line num="43" count="5" type="cond" truecount="3" falsecount="0"/>
      <line num="44" count="3" type="stmt"/>
      <line num="46" count="2" type="stmt"/>
      <line num="50" count="21" type="cond" truecount="1" falsecount="0"/>
      <line num="51" count="1" type="cond" truecount="1" falsecount="0"/>
      <line num="52" count="1" type="stmt"/>
      <line num="54" count="0" type="stmt"/>
      <line num="58" count="20" type="cond" truecount="1" falsecount="0"/>
      <line num="60" count="6" type="cond" truecount="1" falsecount="0"/>
      <line num="61" count="3" type="stmt"/>
      <line num="64" count="3" type="cond" truecount="3" falsecount="0"/>
      <line num="65" count="1" type="stmt"/>
      <line num="66" count="1" type="stmt"/>
      <line num="68" count="2" type="stmt"/>
      <line num="72" count="14" type="cond" truecount="1" falsecount="0"/>
      <line num="74" count="4" type="cond" truecount="3" falsecount="0"/>
      <line num="75" count="2" type="stmt"/>
      <line num="76" count="1" type="stmt"/>
      <line num="77" count="1" type="cond" truecount="1" falsecount="0"/>
      <line num="78" count="1" type="stmt"/>
      <line num="82" count="3" type="cond" truecount="5" falsecount="0"/>
      <line num="83" count="2" type="stmt"/>
      <line num="85" count="1" type="stmt"/>
      <line num="90" count="10" type="cond" truecount="5" falsecount="0"/>
      <line num="91" count="3" type="cond" truecount="3" falsecount="0"/>
      <line num="92" count="2" type="stmt"/>
      <line num="97" count="8" type="cond" truecount="3" falsecount="0"/>
      <line num="98" count="7" type="stmt"/>
      <line num="99" count="7" type="cond" truecount="1" falsecount="0"/>
      <line num="102" count="5" type="stmt"/>
      <line num="106" count="1" type="stmt"/>
      <line num="111" count="7" type="cond" truecount="3" falsecount="0"/>
      <line num="112" count="5" type="stmt"/>
      <line num="116" count="19" type="stmt"/>
      <line num="117" count="5" type="cond" truecount="4" falsecount="0"/>
      <line num="118" count="4" type="stmt"/>
      <line num="119" count="4" type="stmt"/>
      <line num="122" count="4" type="cond" truecount="1" falsecount="0"/>
      <line num="123" count="2" type="stmt"/>
      <line num="127" count="2" type="cond" truecount="1" falsecount="0"/>
      <line num="128" count="1" type="stmt"/>
      <line num="132" count="1" type="cond" truecount="1" falsecount="0"/>
      <line num="134" count="4" type="stmt"/>
      <line num="135" count="2" type="cond" truecount="1" falsecount="0"/>
      <line num="136" count="1" type="stmt"/>
      <line num="141" count="1" type="stmt"/>
    </file>
    <file name="utils.ts" path="/Users/jamese/doudizhu-solana/packages/game-engine/src/utils.ts">
      <metrics statements="16" coveredstatements="15" conditionals="3" coveredconditionals="3" methods="9" coveredmethods="6"/>
      <line num="2" count="1" type="stmt"/>
      <line num="5" count="1" type="stmt"/>
      <line num="6" count="0" type="stmt"/>
      <line num="13" count="1" type="stmt"/>
      <line num="14" count="32" type="stmt"/>
      <line num="15" count="32" type="stmt"/>
      <line num="16" count="134" type="cond" truecount="2" falsecount="0"/>
      <line num="18" count="32" type="stmt"/>
      <line num="22" count="1" type="stmt"/>
      <line num="23" count="53" type="stmt"/>
      <line num="30" count="1" type="stmt"/>
      <line num="31" count="11" type="stmt"/>
      <line num="32" count="32" type="cond" truecount="1" falsecount="0"/>
      <line num="34" count="10" type="stmt"/>
      <line num="41" count="1" type="stmt"/>
      <line num="42" count="40" type="stmt"/>
    </file>
  </project>
</coverage>
