{"/Users/jamese/doudizhu-solana/packages/game-engine/src/beat.ts": {"path":"/Users/jamese/doudizhu-solana/packages/game-engine/src/beat.ts","statementMap":{"0":{"start":{"line":18,"column":0},"end":{"line":18,"column":16}},"1":{"start":{"line":2,"column":0},"end":{"line":2,"column":46}},"2":{"start":{"line":19,"column":2},"end":{"line":19,"column":33}},"3":{"start":{"line":19,"column":21},"end":{"line":19,"column":33}},"4":{"start":{"line":21,"column":20},"end":{"line":21,"column":69}},"5":{"start":{"line":21,"column":39},"end":{"line":21,"column":69}},"6":{"start":{"line":22,"column":20},"end":{"line":22,"column":71}},"7":{"start":{"line":22,"column":39},"end":{"line":22,"column":71}},"8":{"start":{"line":24,"column":2},"end":{"line":24,"column":37}},"9":{"start":{"line":24,"column":25},"end":{"line":24,"column":37}},"10":{"start":{"line":25,"column":2},"end":{"line":25,"column":38}},"11":{"start":{"line":25,"column":25},"end":{"line":25,"column":38}},"12":{"start":{"line":27,"column":2},"end":{"line":27,"column":52}},"13":{"start":{"line":27,"column":40},"end":{"line":27,"column":52}},"14":{"start":{"line":28,"column":2},"end":{"line":28,"column":72}},"15":{"start":{"line":28,"column":40},"end":{"line":28,"column":72}},"16":{"start":{"line":29,"column":2},"end":{"line":29,"column":53}},"17":{"start":{"line":29,"column":40},"end":{"line":29,"column":53}},"18":{"start":{"line":31,"column":2},"end":{"line":31,"column":60}},"19":{"start":{"line":31,"column":47},"end":{"line":31,"column":60}},"20":{"start":{"line":32,"column":2},"end":{"line":32,"column":63}},"21":{"start":{"line":32,"column":50},"end":{"line":32,"column":63}},"22":{"start":{"line":34,"column":2},"end":{"line":34,"column":34}}},"fnMap":{"0":{"name":"canBeat","decl":{"start":{"line":18,"column":16},"end":{"line":18,"column":23}},"loc":{"start":{"line":18,"column":68},"end":{"line":35,"column":1}}},"1":{"name":"(anonymous_1)","decl":{"start":{"line":21,"column":20},"end":{"line":21,"column":21}},"loc":{"start":{"line":21,"column":39},"end":{"line":21,"column":69}}},"2":{"name":"(anonymous_2)","decl":{"start":{"line":22,"column":20},"end":{"line":22,"column":21}},"loc":{"start":{"line":22,"column":39},"end":{"line":22,"column":71}}}},"branchMap":{"0":{"loc":{"start":{"line":19,"column":2},"end":{"line":19,"column":33}},"type":"if","locations":[{"start":{"line":19,"column":2},"end":{"line":19,"column":33}}]},"1":{"loc":{"start":{"line":24,"column":2},"end":{"line":24,"column":37}},"type":"if","locations":[{"start":{"line":24,"column":2},"end":{"line":24,"column":37}}]},"2":{"loc":{"start":{"line":25,"column":2},"end":{"line":25,"column":38}},"type":"if","locations":[{"start":{"line":25,"column":2},"end":{"line":25,"column":38}}]},"3":{"loc":{"start":{"line":27,"column":2},"end":{"line":27,"column":52}},"type":"if","locations":[{"start":{"line":27,"column":2},"end":{"line":27,"column":52}}]},"4":{"loc":{"start":{"line":27,"column":6},"end":{"line":27,"column":38}},"type":"binary-expr","locations":[{"start":{"line":27,"column":6},"end":{"line":27,"column":21}},{"start":{"line":27,"column":25},"end":{"line":27,"column":38}}]},"5":{"loc":{"start":{"line":28,"column":2},"end":{"line":28,"column":72}},"type":"if","locations":[{"start":{"line":28,"column":2},"end":{"line":28,"column":72}}]},"6":{"loc":{"start":{"line":28,"column":6},"end":{"line":28,"column":37}},"type":"binary-expr","locations":[{"start":{"line":28,"column":6},"end":{"line":28,"column":21}},{"start":{"line":28,"column":25},"end":{"line":28,"column":37}}]},"7":{"loc":{"start":{"line":29,"column":2},"end":{"line":29,"column":53}},"type":"if","locations":[{"start":{"line":29,"column":2},"end":{"line":29,"column":53}}]},"8":{"loc":{"start":{"line":31,"column":2},"end":{"line":31,"column":60}},"type":"if","locations":[{"start":{"line":31,"column":2},"end":{"line":31,"column":60}}]},"9":{"loc":{"start":{"line":32,"column":2},"end":{"line":32,"column":63}},"type":"if","locations":[{"start":{"line":32,"column":2},"end":{"line":32,"column":63}}]}},"s":{"0":1,"1":1,"2":12,"3":1,"4":11,"5":25,"6":11,"7":21,"8":11,"9":1,"10":10,"11":2,"12":8,"13":1,"14":7,"15":2,"16":5,"17":0,"18":5,"19":1,"20":4,"21":1,"22":3},"f":{"0":12,"1":25,"2":21},"b":{"0":[1],"1":[1],"2":[2],"3":[1],"4":[8,3],"5":[2],"6":[7,2],"7":[0],"8":[1],"9":[1]}}
,"/Users/jamese/doudizhu-solana/packages/game-engine/src/index.ts": {"path":"/Users/jamese/doudizhu-solana/packages/game-engine/src/index.ts","statementMap":{"0":{"start":{"line":1,"column":0},"end":{"line":1,"column":9}},"1":{"start":{"line":1,"column":9},"end":{"line":1,"column":42}},"2":{"start":{"line":2,"column":0},"end":{"line":2,"column":9}},"3":{"start":{"line":2,"column":9},"end":{"line":2,"column":41}},"4":{"start":{"line":3,"column":0},"end":{"line":3,"column":9}},"5":{"start":{"line":3,"column":9},"end":{"line":3,"column":25}},"6":{"start":{"line":3,"column":25},"end":{"line":3,"column":59}}},"fnMap":{"0":{"name":"(anonymous_0)","decl":{"start":{"line":1,"column":9},"end":{"line":1,"column":18}},"loc":{"start":{"line":1,"column":9},"end":{"line":1,"column":42}}},"1":{"name":"(anonymous_1)","decl":{"start":{"line":2,"column":9},"end":{"line":2,"column":16}},"loc":{"start":{"line":2,"column":9},"end":{"line":2,"column":41}}},"2":{"name":"(anonymous_2)","decl":{"start":{"line":3,"column":9},"end":{"line":3,"column":23}},"loc":{"start":{"line":3,"column":9},"end":{"line":3,"column":25}}},"3":{"name":"(anonymous_3)","decl":{"start":{"line":3,"column":25},"end":{"line":3,"column":36}},"loc":{"start":{"line":3,"column":25},"end":{"line":3,"column":59}}}},"branchMap":{},"s":{"0":1,"1":34,"2":1,"3":13,"4":1,"5":7,"6":3},"f":{"0":33,"1":12,"2":6,"3":2},"b":{}}
,"/Users/jamese/doudizhu-solana/packages/game-engine/src/multiplier.ts": {"path":"/Users/jamese/doudizhu-solana/packages/game-engine/src/multiplier.ts","statementMap":{"0":{"start":{"line":9,"column":0},"end":{"line":9,"column":16}},"1":{"start":{"line":20,"column":0},"end":{"line":20,"column":16}},"2":{"start":{"line":1,"column":0},"end":{"line":1,"column":70}},"3":{"start":{"line":10,"column":19},"end":{"line":10,"column":20}},"4":{"start":{"line":11,"column":2},"end":{"line":13,"column":3}},"5":{"start":{"line":12,"column":4},"end":{"line":12,"column":44}},"6":{"start":{"line":14,"column":2},"end":{"line":14,"column":20}},"7":{"start":{"line":21,"column":2},"end":{"line":21,"column":27}}},"fnMap":{"0":{"name":"calcMultiplier","decl":{"start":{"line":9,"column":16},"end":{"line":9,"column":30}},"loc":{"start":{"line":9,"column":65},"end":{"line":15,"column":1}}},"1":{"name":"isHandEmpty","decl":{"start":{"line":20,"column":16},"end":{"line":20,"column":27}},"loc":{"start":{"line":20,"column":49},"end":{"line":22,"column":1}}}},"branchMap":{},"s":{"0":1,"1":1,"2":1,"3":6,"4":6,"5":9,"6":6,"7":2},"f":{"0":6,"1":2},"b":{}}
,"/Users/jamese/doudizhu-solana/packages/game-engine/src/parse.ts": {"path":"/Users/jamese/doudizhu-solana/packages/game-engine/src/parse.ts","statementMap":{"0":{"start":{"line":20,"column":0},"end":{"line":20,"column":16}},"1":{"start":{"line":2,"column":0},"end":{"line":2,"column":52}},"2":{"start":{"line":3,"column":0},"end":{"line":3,"column":null}},"3":{"start":{"line":21,"column":12},"end":{"line":21,"column":24}},"4":{"start":{"line":22,"column":2},"end":{"line":22,"column":27}},"5":{"start":{"line":22,"column":15},"end":{"line":22,"column":27}},"6":{"start":{"line":24,"column":17},"end":{"line":24,"column":34}},"7":{"start":{"line":25,"column":15},"end":{"line":25,"column":40}},"8":{"start":{"line":26,"column":19},"end":{"line":26,"column":47}},"9":{"start":{"line":29,"column":2},"end":{"line":31,"column":3}},"10":{"start":{"line":30,"column":4},"end":{"line":30,"column":71}},"11":{"start":{"line":34,"column":2},"end":{"line":47,"column":3}},"12":{"start":{"line":36,"column":4},"end":{"line":41,"column":5}},"13":{"start":{"line":40,"column":6},"end":{"line":40,"column":61}},"14":{"start":{"line":43,"column":4},"end":{"line":45,"column":5}},"15":{"start":{"line":44,"column":6},"end":{"line":44,"column":65}},"16":{"start":{"line":46,"column":4},"end":{"line":46,"column":16}},"17":{"start":{"line":50,"column":2},"end":{"line":55,"column":3}},"18":{"start":{"line":51,"column":4},"end":{"line":53,"column":5}},"19":{"start":{"line":52,"column":6},"end":{"line":52,"column":67}},"20":{"start":{"line":54,"column":4},"end":{"line":54,"column":16}},"21":{"start":{"line":58,"column":2},"end":{"line":69,"column":3}},"22":{"start":{"line":60,"column":4},"end":{"line":62,"column":5}},"23":{"start":{"line":61,"column":6},"end":{"line":61,"column":65}},"24":{"start":{"line":64,"column":4},"end":{"line":67,"column":5}},"25":{"start":{"line":65,"column":25},"end":{"line":65,"column":61}},"26":{"start":{"line":65,"column":40},"end":{"line":65,"column":59}},"27":{"start":{"line":66,"column":6},"end":{"line":66,"column":77}},"28":{"start":{"line":68,"column":4},"end":{"line":68,"column":16}},"29":{"start":{"line":72,"column":2},"end":{"line":86,"column":3}},"30":{"start":{"line":74,"column":4},"end":{"line":80,"column":5}},"31":{"start":{"line":75,"column":25},"end":{"line":75,"column":61}},"32":{"start":{"line":75,"column":40},"end":{"line":75,"column":59}},"33":{"start":{"line":76,"column":25},"end":{"line":76,"column":61}},"34":{"start":{"line":76,"column":40},"end":{"line":76,"column":59}},"35":{"start":{"line":77,"column":6},"end":{"line":79,"column":7}},"36":{"start":{"line":78,"column":8},"end":{"line":78,"column":80}},"37":{"start":{"line":82,"column":4},"end":{"line":84,"column":5}},"38":{"start":{"line":83,"column":6},"end":{"line":83,"column":69}},"39":{"start":{"line":85,"column":4},"end":{"line":85,"column":16}},"40":{"start":{"line":90,"column":2},"end":{"line":94,"column":3}},"41":{"start":{"line":91,"column":4},"end":{"line":93,"column":5}},"42":{"start":{"line":92,"column":6},"end":{"line":92,"column":69}},"43":{"start":{"line":97,"column":2},"end":{"line":108,"column":3}},"44":{"start":{"line":98,"column":22},"end":{"line":98,"column":27}},"45":{"start":{"line":99,"column":4},"end":{"line":107,"column":5}},"46":{"start":{"line":102,"column":38},"end":{"line":102,"column":45}},"47":{"start":{"line":106,"column":6},"end":{"line":106,"column":77}},"48":{"start":{"line":111,"column":2},"end":{"line":113,"column":3}},"49":{"start":{"line":112,"column":4},"end":{"line":112,"column":99}},"50":{"start":{"line":112,"column":75},"end":{"line":112,"column":94}},"51":{"start":{"line":116,"column":22},"end":{"line":116,"column":59}},"52":{"start":{"line":116,"column":39},"end":{"line":116,"column":58}},"53":{"start":{"line":117,"column":2},"end":{"line":139,"column":3}},"54":{"start":{"line":118,"column":22},"end":{"line":118,"column":40}},"55":{"start":{"line":119,"column":22},"end":{"line":119,"column":39}},"56":{"start":{"line":122,"column":4},"end":{"line":124,"column":5}},"57":{"start":{"line":123,"column":6},"end":{"line":123,"column":76}},"58":{"start":{"line":127,"column":4},"end":{"line":129,"column":5}},"59":{"start":{"line":128,"column":6},"end":{"line":128,"column":85}},"60":{"start":{"line":132,"column":4},"end":{"line":138,"column":5}},"61":{"start":{"line":134,"column":24},"end":{"line":134,"column":66}},"62":{"start":{"line":134,"column":41},"end":{"line":134,"column":65}},"63":{"start":{"line":135,"column":6},"end":{"line":137,"column":7}},"64":{"start":{"line":135,"column":31},"end":{"line":135,"column":50}},"65":{"start":{"line":136,"column":8},"end":{"line":136,"column":87}},"66":{"start":{"line":141,"column":2},"end":{"line":141,"column":14}}},"fnMap":{"0":{"name":"parsePlay","decl":{"start":{"line":20,"column":16},"end":{"line":20,"column":25}},"loc":{"start":{"line":20,"column":48},"end":{"line":142,"column":1}}},"1":{"name":"(anonymous_1)","decl":{"start":{"line":65,"column":35},"end":{"line":65,"column":36}},"loc":{"start":{"line":65,"column":40},"end":{"line":65,"column":59}}},"2":{"name":"(anonymous_2)","decl":{"start":{"line":75,"column":35},"end":{"line":75,"column":36}},"loc":{"start":{"line":75,"column":40},"end":{"line":75,"column":59}}},"3":{"name":"(anonymous_3)","decl":{"start":{"line":76,"column":35},"end":{"line":76,"column":36}},"loc":{"start":{"line":76,"column":40},"end":{"line":76,"column":59}}},"4":{"name":"(anonymous_4)","decl":{"start":{"line":102,"column":33},"end":{"line":102,"column":34}},"loc":{"start":{"line":102,"column":38},"end":{"line":102,"column":45}}},"5":{"name":"(anonymous_5)","decl":{"start":{"line":112,"column":70},"end":{"line":112,"column":71}},"loc":{"start":{"line":112,"column":75},"end":{"line":112,"column":94}}},"6":{"name":"(anonymous_6)","decl":{"start":{"line":116,"column":34},"end":{"line":116,"column":35}},"loc":{"start":{"line":116,"column":39},"end":{"line":116,"column":58}}},"7":{"name":"(anonymous_7)","decl":{"start":{"line":134,"column":36},"end":{"line":134,"column":37}},"loc":{"start":{"line":134,"column":41},"end":{"line":134,"column":65}}},"8":{"name":"(anonymous_8)","decl":{"start":{"line":135,"column":26},"end":{"line":135,"column":27}},"loc":{"start":{"line":135,"column":31},"end":{"line":135,"column":50}}}},"branchMap":{"0":{"loc":{"start":{"line":22,"column":2},"end":{"line":22,"column":27}},"type":"if","locations":[{"start":{"line":22,"column":2},"end":{"line":22,"column":27}}]},"1":{"loc":{"start":{"line":29,"column":2},"end":{"line":31,"column":3}},"type":"if","locations":[{"start":{"line":29,"column":2},"end":{"line":31,"column":3}}]},"2":{"loc":{"start":{"line":34,"column":2},"end":{"line":47,"column":3}},"type":"if","locations":[{"start":{"line":34,"column":2},"end":{"line":47,"column":3}}]},"3":{"loc":{"start":{"line":36,"column":4},"end":{"line":41,"column":5}},"type":"if","locations":[{"start":{"line":36,"column":4},"end":{"line":41,"column":5}}]},"4":{"loc":{"start":{"line":37,"column":6},"end":{"line":38,"column":37}},"type":"binary-expr","locations":[{"start":{"line":37,"column":6},"end":{"line":37,"column":39}},{"start":{"line":38,"column":6},"end":{"line":38,"column":37}}]},"5":{"loc":{"start":{"line":43,"column":4},"end":{"line":45,"column":5}},"type":"if","locations":[{"start":{"line":43,"column":4},"end":{"line":45,"column":5}}]},"6":{"loc":{"start":{"line":43,"column":8},"end":{"line":43,"column":43}},"type":"binary-expr","locations":[{"start":{"line":43,"column":8},"end":{"line":43,"column":22}},{"start":{"line":43,"column":26},"end":{"line":43,"column":43}}]},"7":{"loc":{"start":{"line":50,"column":2},"end":{"line":55,"column":3}},"type":"if","locations":[{"start":{"line":50,"column":2},"end":{"line":55,"column":3}}]},"8":{"loc":{"start":{"line":51,"column":4},"end":{"line":53,"column":5}},"type":"if","locations":[{"start":{"line":51,"column":4},"end":{"line":53,"column":5}}]},"9":{"loc":{"start":{"line":58,"column":2},"end":{"line":69,"column":3}},"type":"if","locations":[{"start":{"line":58,"column":2},"end":{"line":69,"column":3}}]},"10":{"loc":{"start":{"line":60,"column":4},"end":{"line":62,"column":5}},"type":"if","locations":[{"start":{"line":60,"column":4},"end":{"line":62,"column":5}}]},"11":{"loc":{"start":{"line":64,"column":4},"end":{"line":67,"column":5}},"type":"if","locations":[{"start":{"line":64,"column":4},"end":{"line":67,"column":5}}]},"12":{"loc":{"start":{"line":64,"column":8},"end":{"line":64,"column":43}},"type":"binary-expr","locations":[{"start":{"line":64,"column":8},"end":{"line":64,"column":22}},{"start":{"line":64,"column":26},"end":{"line":64,"column":43}}]},"13":{"loc":{"start":{"line":72,"column":2},"end":{"line":86,"column":3}},"type":"if","locations":[{"start":{"line":72,"column":2},"end":{"line":86,"column":3}}]},"14":{"loc":{"start":{"line":74,"column":4},"end":{"line":80,"column":5}},"type":"if","locations":[{"start":{"line":74,"column":4},"end":{"line":80,"column":5}}]},"15":{"loc":{"start":{"line":74,"column":8},"end":{"line":74,"column":43}},"type":"binary-expr","locations":[{"start":{"line":74,"column":8},"end":{"line":74,"column":22}},{"start":{"line":74,"column":26},"end":{"line":74,"column":43}}]},"16":{"loc":{"start":{"line":77,"column":6},"end":{"line":79,"column":7}},"type":"if","locations":[{"start":{"line":77,"column":6},"end":{"line":79,"column":7}}]},"17":{"loc":{"start":{"line":82,"column":4},"end":{"line":84,"column":5}},"type":"if","locations":[{"start":{"line":82,"column":4},"end":{"line":84,"column":5}}]},"18":{"loc":{"start":{"line":82,"column":8},"end":{"line":82,"column":100}},"type":"binary-expr","locations":[{"start":{"line":82,"column":8},"end":{"line":82,"column":22}},{"start":{"line":82,"column":26},"end":{"line":82,"column":43}},{"start":{"line":82,"column":47},"end":{"line":82,"column":71}},{"start":{"line":82,"column":75},"end":{"line":82,"column":100}}]},"19":{"loc":{"start":{"line":90,"column":2},"end":{"line":94,"column":3}},"type":"if","locations":[{"start":{"line":90,"column":2},"end":{"line":94,"column":3}}]},"20":{"loc":{"start":{"line":90,"column":6},"end":{"line":90,"column":62}},"type":"binary-expr","locations":[{"start":{"line":90,"column":6},"end":{"line":90,"column":12}},{"start":{"line":90,"column":16},"end":{"line":90,"column":23}},{"start":{"line":90,"column":27},"end":{"line":90,"column":41}},{"start":{"line":90,"column":45},"end":{"line":90,"column":62}}]},"21":{"loc":{"start":{"line":91,"column":4},"end":{"line":93,"column":5}},"type":"if","locations":[{"start":{"line":91,"column":4},"end":{"line":93,"column":5}}]},"22":{"loc":{"start":{"line":91,"column":8},"end":{"line":91,"column":61}},"type":"binary-expr","locations":[{"start":{"line":91,"column":8},"end":{"line":91,"column":32}},{"start":{"line":91,"column":36},"end":{"line":91,"column":61}}]},"23":{"loc":{"start":{"line":97,"column":2},"end":{"line":108,"column":3}},"type":"if","locations":[{"start":{"line":97,"column":2},"end":{"line":108,"column":3}}]},"24":{"loc":{"start":{"line":97,"column":6},"end":{"line":97,"column":27}},"type":"binary-expr","locations":[{"start":{"line":97,"column":6},"end":{"line":97,"column":12}},{"start":{"line":97,"column":16},"end":{"line":97,"column":27}}]},"25":{"loc":{"start":{"line":99,"column":4},"end":{"line":107,"column":5}},"type":"if","locations":[{"start":{"line":99,"column":4},"end":{"line":107,"column":5}}]},"26":{"loc":{"start":{"line":100,"column":6},"end":{"line":104,"column":31}},"type":"binary-expr","locations":[{"start":{"line":100,"column":6},"end":{"line":100,"column":20}},{"start":{"line":101,"column":6},"end":{"line":101,"column":31}},{"start":{"line":102,"column":6},"end":{"line":102,"column":46}},{"start":{"line":103,"column":6},"end":{"line":103,"column":30}},{"start":{"line":104,"column":6},"end":{"line":104,"column":31}}]},"27":{"loc":{"start":{"line":111,"column":2},"end":{"line":113,"column":3}},"type":"if","locations":[{"start":{"line":111,"column":2},"end":{"line":113,"column":3}}]},"28":{"loc":{"start":{"line":111,"column":6},"end":{"line":111,"column":31}},"type":"binary-expr","locations":[{"start":{"line":111,"column":6},"end":{"line":111,"column":13}},{"start":{"line":111,"column":17},"end":{"line":111,"column":31}}]},"29":{"loc":{"start":{"line":117,"column":2},"end":{"line":139,"column":3}},"type":"if","locations":[{"start":{"line":117,"column":2},"end":{"line":139,"column":3}}]},"30":{"loc":{"start":{"line":117,"column":6},"end":{"line":117,"column":100}},"type":"binary-expr","locations":[{"start":{"line":117,"column":6},"end":{"line":117,"column":29}},{"start":{"line":117,"column":33},"end":{"line":117,"column":64}},{"start":{"line":117,"column":68},"end":{"line":117,"column":100}}]},"31":{"loc":{"start":{"line":122,"column":4},"end":{"line":124,"column":5}},"type":"if","locations":[{"start":{"line":122,"column":4},"end":{"line":124,"column":5}}]},"32":{"loc":{"start":{"line":127,"column":4},"end":{"line":129,"column":5}},"type":"if","locations":[{"start":{"line":127,"column":4},"end":{"line":129,"column":5}}]},"33":{"loc":{"start":{"line":132,"column":4},"end":{"line":138,"column":5}},"type":"if","locations":[{"start":{"line":132,"column":4},"end":{"line":138,"column":5}}]},"34":{"loc":{"start":{"line":135,"column":6},"end":{"line":137,"column":7}},"type":"if","locations":[{"start":{"line":135,"column":6},"end":{"line":137,"column":7}}]}},"s":{"0":1,"1":1,"2":1,"3":33,"4":33,"5":1,"6":32,"7":32,"8":32,"9":32,"10":4,"11":28,"12":7,"13":2,"14":5,"15":3,"16":2,"17":21,"18":1,"19":1,"20":0,"21":20,"22":6,"23":3,"24":3,"25":1,"26":1,"27":1,"28":2,"29":14,"30":4,"31":1,"32":2,"33":1,"34":1,"35":1,"36":1,"37":3,"38":2,"39":1,"40":10,"41":3,"42":2,"43":8,"44":7,"45":7,"46":5,"47":1,"48":7,"49":2,"50":5,"51":5,"52":19,"53":5,"54":4,"55":4,"56":4,"57":2,"58":2,"59":1,"60":1,"61":1,"62":4,"63":1,"64":2,"65":1,"66":1},"f":{"0":33,"1":1,"2":2,"3":1,"4":5,"5":5,"6":19,"7":4,"8":2},"b":{"0":[1],"1":[4],"2":[7],"3":[2],"4":[7,2],"5":[3],"6":[5,3],"7":[1],"8":[1],"9":[6],"10":[3],"11":[1],"12":[3,1],"13":[4],"14":[1],"15":[4,1],"16":[1],"17":[2],"18":[3,3,3,2],"19":[3],"20":[10,10,10,3],"21":[2],"22":[3,3],"23":[7],"24":[8,8],"25":[1],"26":[7,7,3,1,1],"27":[2],"28":[7,4],"29":[4],"30":[5,4,4],"31":[2],"32":[1],"33":[1],"34":[1]}}
,"/Users/jamese/doudizhu-solana/packages/game-engine/src/utils.ts": {"path":"/Users/jamese/doudizhu-solana/packages/game-engine/src/utils.ts","statementMap":{"0":{"start":{"line":5,"column":0},"end":{"line":5,"column":16}},"1":{"start":{"line":13,"column":0},"end":{"line":13,"column":16}},"2":{"start":{"line":22,"column":0},"end":{"line":22,"column":16}},"3":{"start":{"line":30,"column":0},"end":{"line":30,"column":16}},"4":{"start":{"line":41,"column":0},"end":{"line":41,"column":16}},"5":{"start":{"line":2,"column":0},"end":{"line":2,"column":39}},"6":{"start":{"line":6,"column":2},"end":{"line":6,"column":54}},"7":{"start":{"line":6,"column":24},"end":{"line":6,"column":30}},"8":{"start":{"line":6,"column":47},"end":{"line":6,"column":52}},"9":{"start":{"line":14,"column":12},"end":{"line":14,"column":37}},"10":{"start":{"line":15,"column":2},"end":{"line":17,"column":3}},"11":{"start":{"line":16,"column":4},"end":{"line":16,"column":44}},"12":{"start":{"line":18,"column":2},"end":{"line":18,"column":11}},"13":{"start":{"line":23,"column":2},"end":{"line":23,"column":50}},"14":{"start":{"line":23,"column":43},"end":{"line":23,"column":48}},"15":{"start":{"line":31,"column":2},"end":{"line":33,"column":3}},"16":{"start":{"line":31,"column":15},"end":{"line":31,"column":16}},"17":{"start":{"line":32,"column":4},"end":{"line":32,"column":52}},"18":{"start":{"line":32,"column":39},"end":{"line":32,"column":52}},"19":{"start":{"line":34,"column":2},"end":{"line":34,"column":14}},"20":{"start":{"line":42,"column":2},"end":{"line":42,"column":41}},"21":{"start":{"line":42,"column":26},"end":{"line":42,"column":39}}},"fnMap":{"0":{"name":"sortedRanks","decl":{"start":{"line":5,"column":16},"end":{"line":5,"column":27}},"loc":{"start":{"line":5,"column":50},"end":{"line":7,"column":1}}},"1":{"name":"(anonymous_1)","decl":{"start":{"line":6,"column":19},"end":{"line":6,"column":20}},"loc":{"start":{"line":6,"column":24},"end":{"line":6,"column":30}}},"2":{"name":"(anonymous_2)","decl":{"start":{"line":6,"column":37},"end":{"line":6,"column":38}},"loc":{"start":{"line":6,"column":47},"end":{"line":6,"column":52}}},"3":{"name":"rankCounts","decl":{"start":{"line":13,"column":16},"end":{"line":13,"column":26}},"loc":{"start":{"line":13,"column":49},"end":{"line":19,"column":1}}},"4":{"name":"uniqueRanksSorted","decl":{"start":{"line":22,"column":16},"end":{"line":22,"column":33}},"loc":{"start":{"line":22,"column":61},"end":{"line":24,"column":1}}},"5":{"name":"(anonymous_5)","decl":{"start":{"line":23,"column":33},"end":{"line":23,"column":34}},"loc":{"start":{"line":23,"column":43},"end":{"line":23,"column":48}}},"6":{"name":"isConsecutiveRanks","decl":{"start":{"line":30,"column":16},"end":{"line":30,"column":34}},"loc":{"start":{"line":30,"column":50},"end":{"line":35,"column":1}}},"7":{"name":"allSequenceEligible","decl":{"start":{"line":41,"column":16},"end":{"line":41,"column":35}},"loc":{"start":{"line":41,"column":51},"end":{"line":43,"column":1}}},"8":{"name":"(anonymous_8)","decl":{"start":{"line":42,"column":21},"end":{"line":42,"column":22}},"loc":{"start":{"line":42,"column":26},"end":{"line":42,"column":39}}}},"branchMap":{"0":{"loc":{"start":{"line":16,"column":19},"end":{"line":16,"column":37}},"type":"binary-expr","locations":[{"start":{"line":16,"column":19},"end":{"line":16,"column":32}},{"start":{"line":16,"column":36},"end":{"line":16,"column":37}}]},"1":{"loc":{"start":{"line":32,"column":4},"end":{"line":32,"column":52}},"type":"if","locations":[{"start":{"line":32,"column":4},"end":{"line":32,"column":52}}]}},"s":{"0":1,"1":1,"2":1,"3":1,"4":1,"5":1,"6":0,"7":0,"8":0,"9":32,"10":32,"11":134,"12":32,"13":32,"14":53,"15":11,"16":11,"17":32,"18":1,"19":10,"20":10,"21":40},"f":{"0":0,"1":0,"2":0,"3":32,"4":32,"5":53,"6":11,"7":10,"8":40},"b":{"0":[134,83],"1":[1]}}
}
