TN:
SF:src/beat.ts
FN:18,canBeat
FN:21,(anonymous_1)
FN:22,(anonymous_2)
FNF:3
FNH:3
FNDA:12,canBeat
FNDA:25,(anonymous_1)
FNDA:21,(anonymous_2)
DA:2,1
DA:18,1
DA:19,12
DA:21,25
DA:22,21
DA:24,11
DA:25,10
DA:27,8
DA:28,7
DA:29,5
DA:31,5
DA:32,4
DA:34,3
LF:13
LH:13
BRDA:19,0,0,1
BRDA:24,1,0,1
BRDA:25,2,0,2
BRDA:27,3,0,1
BRDA:27,4,0,8
BRDA:27,4,1,3
BRDA:28,5,0,2
BRDA:28,6,0,7
BRDA:28,6,1,2
BRDA:29,7,0,0
BRDA:31,8,0,1
BRDA:32,9,0,1
BRF:12
BRH:11
end_of_record
TN:
SF:src/index.ts
FN:1,(anonymous_0)
FN:2,(anonymous_1)
FN:3,(anonymous_2)
FN:3,(anonymous_3)
FNF:4
FNH:4
FNDA:33,(anonymous_0)
FNDA:12,(anonymous_1)
FNDA:6,(anonymous_2)
FNDA:2,(anonymous_3)
DA:1,34
DA:2,13
DA:3,7
LF:3
LH:3
BRF:0
BRH:0
end_of_record
TN:
SF:src/multiplier.ts
FN:9,calcMultiplier
FN:20,isHandEmpty
FNF:2
FNH:2
FNDA:6,calcMultiplier
FNDA:2,isHandEmpty
DA:1,1
DA:9,1
DA:10,6
DA:11,6
DA:12,9
DA:14,6
DA:20,1
DA:21,2
LF:8
LH:8
BRF:0
BRH:0
end_of_record
TN:
SF:src/parse.ts
FN:20,parsePlay
FN:65,(anonymous_1)
FN:75,(anonymous_2)
FN:76,(anonymous_3)
FN:102,(anonymous_4)
FN:112,(anonymous_5)
FN:116,(anonymous_6)
FN:134,(anonymous_7)
FN:135,(anonymous_8)
FNF:9
FNH:9
FNDA:33,parsePlay
FNDA:1,(anonymous_1)
FNDA:2,(anonymous_2)
FNDA:1,(anonymous_3)
FNDA:5,(anonymous_4)
FNDA:5,(anonymous_5)
FNDA:19,(anonymous_6)
FNDA:4,(anonymous_7)
FNDA:2,(anonymous_8)
DA:2,1
DA:3,1
DA:20,1
DA:21,33
DA:22,33
DA:24,32
DA:25,32
DA:26,32
DA:29,32
DA:30,4
DA:34,28
DA:36,7
DA:40,2
DA:43,5
DA:44,3
DA:46,2
DA:50,21
DA:51,1
DA:52,1
DA:54,0
DA:58,20
DA:60,6
DA:61,3
DA:64,3
DA:65,1
DA:66,1
DA:68,2
DA:72,14
DA:74,4
DA:75,2
DA:76,1
DA:77,1
DA:78,1
DA:82,3
DA:83,2
DA:85,1
DA:90,10
DA:91,3
DA:92,2
DA:97,8
DA:98,7
DA:99,7
DA:102,5
DA:106,1
DA:111,7
DA:112,5
DA:116,19
DA:117,5
DA:118,4
DA:119,4
DA:122,4
DA:123,2
DA:127,2
DA:128,1
DA:132,1
DA:134,4
DA:135,2
DA:136,1
DA:141,1
LF:59
LH:58
BRDA:22,0,0,1
BRDA:29,1,0,4
BRDA:34,2,0,7
BRDA:36,3,0,2
BRDA:37,4,0,7
BRDA:37,4,1,2
BRDA:43,5,0,3
BRDA:43,6,0,5
BRDA:43,6,1,3
BRDA:50,7,0,1
BRDA:51,8,0,1
BRDA:58,9,0,6
BRDA:60,10,0,3
BRDA:64,11,0,1
BRDA:64,12,0,3
BRDA:64,12,1,1
BRDA:72,13,0,4
BRDA:74,14,0,1
BRDA:74,15,0,4
BRDA:74,15,1,1
BRDA:77,16,0,1
BRDA:82,17,0,2
BRDA:82,18,0,3
BRDA:82,18,1,3
BRDA:82,18,2,3
BRDA:82,18,3,2
BRDA:90,19,0,3
BRDA:90,20,0,10
BRDA:90,20,1,10
BRDA:90,20,2,10
BRDA:90,20,3,3
BRDA:91,21,0,2
BRDA:91,22,0,3
BRDA:91,22,1,3
BRDA:97,23,0,7
BRDA:97,24,0,8
BRDA:97,24,1,8
BRDA:99,25,0,1
BRDA:100,26,0,7
BRDA:100,26,1,7
BRDA:100,26,2,3
BRDA:100,26,3,1
BRDA:100,26,4,1
BRDA:111,27,0,2
BRDA:111,28,0,7
BRDA:111,28,1,4
BRDA:117,29,0,4
BRDA:117,30,0,5
BRDA:117,30,1,4
BRDA:117,30,2,4
BRDA:122,31,0,2
BRDA:127,32,0,1
BRDA:132,33,0,1
BRDA:135,34,0,1
BRF:54
BRH:54
end_of_record
TN:
SF:src/utils.ts
FN:5,sortedRanks
FN:6,(anonymous_1)
FN:6,(anonymous_2)
FN:13,rankCounts
FN:22,uniqueRanksSorted
FN:23,(anonymous_5)
FN:30,isConsecutiveRanks
FN:41,allSequenceEligible
FN:42,(anonymous_8)
FNF:9
FNH:6
FNDA:0,sortedRanks
FNDA:0,(anonymous_1)
FNDA:0,(anonymous_2)
FNDA:32,rankCounts
FNDA:32,uniqueRanksSorted
FNDA:53,(anonymous_5)
FNDA:11,isConsecutiveRanks
FNDA:10,allSequenceEligible
FNDA:40,(anonymous_8)
DA:2,1
DA:5,1
DA:6,0
DA:13,1
DA:14,32
DA:15,32
DA:16,134
DA:18,32
DA:22,1
DA:23,53
DA:30,1
DA:31,11
DA:32,32
DA:34,10
DA:41,1
DA:42,40
LF:16
LH:15
BRDA:16,0,0,134
BRDA:16,0,1,83
BRDA:32,1,0,1
BRF:3
BRH:3
end_of_record
